#
# There is insufficient memory for the Java Runtime Environment to continue.
# Native memory allocation (mmap) failed to map 268435456 bytes for Failed to commit area from 0x0000000701800000 to 0x0000000711800000 of length 268435456.
# Possible reasons:
#   The system is out of physical RAM or swap space
#   The process is running with CompressedOops enabled, and the Java Heap may be blocking the growth of the native heap
# Possible solutions:
#   Reduce memory load on the system
#   Increase physical memory or swap space
#   Check if swap backing store is full
#   Decrease Java heap size (-Xmx/-Xms)
#   Decrease number of Java threads
#   Decrease Java thread stack sizes (-Xss)
#   Set larger code cache with -XX:ReservedCodeCacheSize=
#   JVM is running with Zero Based Compressed Oops mode in which the Java heap is
#     placed in the first 32GB address space. The Java Heap base address is the
#     maximum limit for the native heap growth. Please use -XX:HeapBaseMinAddress
#     to set the Java Heap base and to place the Java Heap above 32GB virtual address.
# This output file may be truncated or incomplete.
#
#  Out of Memory Error (./open/src/hotspot/os/windows/os_windows.cpp:3315), pid=13288, tid=2404
#
# JRE version:  (14.0.2+12) (build )
# Java VM: Java HotSpot(TM) 64-Bit Server VM (14.0.2+12-46, mixed mode, sharing, tiered, compressed oops, g1 gc, windows-amd64)
# No core dump will be written. Minidumps are not enabled by default on client versions of Windows
#

---------------  S U M M A R Y ------------

Command Line: -Dfile.encoding=Cp1252 main.MainProgram

Host: Intel(R) Core(TM) i7-8550U CPU @ 1.80GHz, 8 cores, 15G,  Windows 10 , 64 bit Build 18362 (10.0.18362.329)
Time: Mon Nov 23 19:14:55 2020 Malay Peninsula Standard Time elapsed time: 0 seconds (0d 0h 0m 0s)

---------------  T H R E A D  ---------------

Current thread (0x00000200ff95b000):  JavaThread "Unknown thread" [_thread_in_vm, id=2404, stack(0x00000070e1f00000,0x00000070e2000000)]

Stack: [0x00000070e1f00000,0x00000070e2000000]
Native frames: (J=compiled Java code, j=interpreted, Vv=VM code, C=native code)
V  [jvm.dll+0x5f8a9a]
V  [jvm.dll+0x74247a]
V  [jvm.dll+0x743c2f]
V  [jvm.dll+0x744273]
V  [jvm.dll+0x20d288]
V  [jvm.dll+0x5f5dea]
V  [jvm.dll+0x5eac45]
V  [jvm.dll+0x2c7e9c]
V  [jvm.dll+0x2c7cd2]
V  [jvm.dll+0x2cdbbc]
V  [jvm.dll+0x313fe8]
V  [jvm.dll+0x313710]
V  [jvm.dll+0x2a092a]
V  [jvm.dll+0x2a1a79]
V  [jvm.dll+0x71fd48]
V  [jvm.dll+0x321c14]
V  [jvm.dll+0x70112c]
V  [jvm.dll+0x392def]
V  [jvm.dll+0x394e61]
C  [jli.dll+0x524b]
C  [ucrtbase.dll+0x20e72]
C  [KERNEL32.DLL+0x17bd4]
C  [ntdll.dll+0x6ced1]


---------------  P R O C E S S  ---------------

Threads class SMR info:
_java_thread_list=0x00007ffd511b3038, length=0, elements={
}

Java Threads: ( => current thread )

Other Threads:
  0x00000200ff9c1000 GCTaskThread "GC Thread#0" [stack: 0x00000070e2000000,0x00000070e2100000] [id=11552]
  0x00000200ff9e2800 ConcurrentGCThread "G1 Main Marker" [stack: 0x00000070e2100000,0x00000070e2200000] [id=20920]
  0x00000200ff9e4000 ConcurrentGCThread "G1 Conc#0" [stack: 0x00000070e2200000,0x00000070e2300000] [id=17216]

[error occurred during error reporting (printing all threads), id 0xc0000005, EXCEPTION_ACCESS_VIOLATION (0xc0000005) at pc=0x00007ffd509e1257]

VM state:not at safepoint (not fully initialized)

VM Mutex/Monitor currently owned by a thread:  ([mutex/lock_event])
[0x00000200ff955bc0] Heap_lock - owner thread: 0x00000200ff95b000

Heap address: 0x0000000701800000, size: 4072 MB, Compressed Oops mode: Zero based, Oop shift amount: 3
Narrow klass base: 0x0000000000000000, Narrow klass shift: 0

GC Heap History (0 events):
No events

Deoptimization events (0 events):
No events

Classes unloaded (0 events):
No events

Classes redefined (0 events):
No events

Internal exceptions (0 events):
No events

Events (2 events):
Event: 0.006 Loaded shared library C:\Program Files\Java\jdk-14.0.2\bin\java.dll
Event: 0.006 Loaded shared library C:\Program Files\Java\jdk-14.0.2\bin\zip.dll


Dynamic libraries:
0x00007ff694260000 - 0x00007ff69426f000 	C:\Program Files\Java\jdk-14.0.2\bin\javaw.exe
0x00007ffda08c0000 - 0x00007ffda0ab0000 	C:\WINDOWS\SYSTEM32\ntdll.dll
0x00007ffda0540000 - 0x00007ffda05f2000 	C:\WINDOWS\System32\KERNEL32.DLL
0x00007ffd9e0d0000 - 0x00007ffd9e373000 	C:\WINDOWS\System32\KERNELBASE.dll
0x00007ffd9d850000 - 0x00007ffd9d94a000 	C:\WINDOWS\System32\ucrtbase.dll
0x00007ffd98bd0000 - 0x00007ffd98be8000 	C:\Program Files\Java\jdk-14.0.2\bin\jli.dll
0x00007ffd97e50000 - 0x00007ffd97e65000 	C:\Program Files\Java\jdk-14.0.2\bin\VCRUNTIME140.dll
0x00007ffd9ed00000 - 0x00007ffd9eda3000 	C:\WINDOWS\System32\ADVAPI32.dll
0x00007ffd9f060000 - 0x00007ffd9f0fe000 	C:\WINDOWS\System32\msvcrt.dll
0x00007ffda04a0000 - 0x00007ffda0537000 	C:\WINDOWS\System32\sechost.dll
0x00007ffd9fd20000 - 0x00007ffd9fe40000 	C:\WINDOWS\System32\RPCRT4.dll
0x00007ffd9edb0000 - 0x00007ffd9ef44000 	C:\WINDOWS\System32\USER32.dll
0x00007ffd924c0000 - 0x00007ffd92745000 	C:\WINDOWS\WinSxS\amd64_microsoft.windows.common-controls_6595b64144ccf1df_6.0.18362.535_none_e6c3b34713100821\COMCTL32.dll
0x00007ffd9d820000 - 0x00007ffd9d841000 	C:\WINDOWS\System32\win32u.dll
0x00007ffd9f100000 - 0x00007ffd9f436000 	C:\WINDOWS\System32\combase.dll
0x00007ffd9eaa0000 - 0x00007ffd9eac6000 	C:\WINDOWS\System32\GDI32.dll
0x00007ffd9e7b0000 - 0x00007ffd9e830000 	C:\WINDOWS\System32\bcryptPrimitives.dll
0x00007ffd9e4f0000 - 0x00007ffd9e684000 	C:\WINDOWS\System32\gdi32full.dll
0x00007ffd9e690000 - 0x00007ffd9e72e000 	C:\WINDOWS\System32\msvcp_win.dll
0x00007ffd95020000 - 0x00007ffd9502a000 	C:\WINDOWS\SYSTEM32\VERSION.dll
0x00007ffda0460000 - 0x00007ffda048e000 	C:\WINDOWS\System32\IMM32.DLL
0x00007ffd8fa90000 - 0x00007ffd8fb2b000 	C:\Program Files\Java\jdk-14.0.2\bin\msvcp140.dll
0x00007ffd50730000 - 0x00007ffd5124e000 	C:\Program Files\Java\jdk-14.0.2\bin\server\jvm.dll
0x00007ffda0690000 - 0x00007ffda0698000 	C:\WINDOWS\System32\PSAPI.DLL
0x00007ffd986f0000 - 0x00007ffd98714000 	C:\WINDOWS\SYSTEM32\WINMM.dll
0x00007ffd8bd20000 - 0x00007ffd8bd29000 	C:\WINDOWS\SYSTEM32\WSOCK32.dll
0x00007ffd9f5c0000 - 0x00007ffd9f62f000 	C:\WINDOWS\System32\WS2_32.dll
0x00007ffd97d00000 - 0x00007ffd97d2d000 	C:\WINDOWS\SYSTEM32\WINMMBASE.dll
0x00007ffd9e760000 - 0x00007ffd9e7aa000 	C:\WINDOWS\System32\cfgmgr32.dll
0x00007ffd9d770000 - 0x00007ffd9d781000 	C:\WINDOWS\System32\kernel.appcore.dll
0x00007ffd97e40000 - 0x00007ffd97e4a000 	C:\Program Files\Java\jdk-14.0.2\bin\jimage.dll
0x00007ffd9c060000 - 0x00007ffd9c254000 	C:\WINDOWS\SYSTEM32\DBGHELP.DLL
0x00007ffd86630000 - 0x00007ffd8665a000 	C:\WINDOWS\SYSTEM32\dbgcore.DLL
0x00007ffd8fcd0000 - 0x00007ffd8fcf5000 	C:\Program Files\Java\jdk-14.0.2\bin\java.dll
0x00007ffd95100000 - 0x00007ffd95116000 	C:\Program Files\Java\jdk-14.0.2\bin\zip.dll

dbghelp: loaded successfully - version: 4.0.5 - missing functions: none
symbol engine: initialized successfully - sym options: 0x614 - pdb path: .;C:\Program Files\Java\jdk-14.0.2\bin;C:\WINDOWS\SYSTEM32;C:\WINDOWS\WinSxS\amd64_microsoft.windows.common-controls_6595b64144ccf1df_6.0.18362.535_none_e6c3b34713100821;C:\Program Files\Java\jdk-14.0.2\bin\server

VM Arguments:
jvm_args: -Dfile.encoding=Cp1252 
java_command: main.MainProgram
java_class_path (initial): D:\ntu\year2\CZ2002 java\groupAssignment\GroupAssignment\bin;D:\ntu\year2\CZ2002 java\groupAssignment\GroupAssignment\EmailService\javax.mail.jar;D:\ntu\year2\CZ2002 java\groupAssignment\GroupAssignment\EmailService\activation.jar
Launcher Type: SUN_STANDARD

[Global flags]
     intx CICompilerCount                          = 4                                         {product} {ergonomic}
     uint ConcGCThreads                            = 2                                         {product} {ergonomic}
     uint G1ConcRefinementThreads                  = 8                                         {product} {ergonomic}
   size_t G1HeapRegionSize                         = 1048576                                   {product} {ergonomic}
    uintx GCDrainStackTargetSize                   = 64                                        {product} {ergonomic}
   size_t InitialHeapSize                          = 268435456                                 {product} {ergonomic}
   size_t MarkStackSize                            = 4194304                                   {product} {ergonomic}
   size_t MaxHeapSize                              = 4269801472                                {product} {ergonomic}
   size_t MinHeapDeltaBytes                        = 1048576                                   {product} {ergonomic}
   size_t MinHeapSize                              = 8388608                                   {product} {ergonomic}
    uintx NonNMethodCodeHeapSize                   = 5839372                                {pd product} {ergonomic}
    uintx NonProfiledCodeHeapSize                  = 122909434                              {pd product} {ergonomic}
    uintx ProfiledCodeHeapSize                     = 122909434                              {pd product} {ergonomic}
    uintx ReservedCodeCacheSize                    = 251658240                              {pd product} {ergonomic}
     bool SegmentedCodeCache                       = true                                      {product} {ergonomic}
   size_t SoftMaxHeapSize                          = 4269801472                             {manageable} {ergonomic}
     bool UseCompressedClassPointers               = true                                 {lp64_product} {ergonomic}
     bool UseCompressedOops                        = true                                 {lp64_product} {ergonomic}
     bool UseG1GC                                  = true                                      {product} {ergonomic}
     bool UseLargePagesIndividualAllocation        = false                                  {pd product} {ergonomic}

Logging:
Log output configuration:
 #0: stdout all=warning uptime,level,tags
 #1: stderr all=off uptime,level,tags

Environment Variables:
PATH=C:/Program Files/Java/jdk-14.0.2/bin/server;C:/Program Files/Java/jdk-14.0.2/bin;C:\Program Files\Java\jdk-14.0.2\bin;C:\Program Files (x86)\Common Files\Oracle\Java\javapath;C:\Program Files\OpenVPN\bin;C:\Program Files\Git\cmd;C:\Program Files\dotnet\;C:\Program Files\Microsoft SQL Server\Client SDK\ODBC\170\Tools\Binn\;C:\Windows\System32\OpenSSH;C:\Program Files\Microsoft\Web Platform Installer\;D:\xampp\php;C:\ProgramData\ComposerSetup\bin;D:\python\Scripts\;D:\python\;C:\Users\XuChaoLiang\AppData\Local\Microsoft\WindowsApps;D:\Microsoft VS Code\bin;C:\Users\XuChaoLiang\AppData\roaming\Python\Python36\scripts;C:\WINDOWS\System32\WindowsPowerShell\v1.0\;C:\Program Files\Git\mingw64\bin;C:\WINDOWS\system32;C:\Users\XuChaoLiang\AppData\Local\GitHubDesktop\bin;C:\Users\XuChaoLiang\AppData\Roaming\Composer\vendor\bin;C:\WINDOWS\system32;
USERNAME=XuChaoLiang
OS=Windows_NT
PROCESSOR_IDENTIFIER=Intel64 Family 6 Model 142 Stepping 10, GenuineIntel



---------------  S Y S T E M  ---------------

OS: Windows 10 , 64 bit Build 18362 (10.0.18362.329)
OS uptime: 0 days 23:36 hours

CPU:total 8 (initial active 8) (4 cores per cpu, 2 threads per core) family 6 model 142 stepping 10, cmov, cx8, fxsr, mmx, sse, sse2, sse3, ssse3, sse4.1, sse4.2, popcnt, avx, avx2, aes, clmul, erms, 3dnowpref, lzcnt, ht, tsc, tscinvbit, bmi1, bmi2, adx, fma

Memory: 4k page, system-wide physical 16281M (7564M free)
TotalPageFile size 17094M (AvailPageFile size 47M)
current process WorkingSet (physical memory assigned to process): 10M, peak: 10M
current process commit charge ("private bytes"): 61M, peak: 317M

vm_info: Java HotSpot(TM) 64-Bit Server VM (14.0.2+12-46) for windows-amd64 JRE (14.0.2+12-46), built on Jul  9 2020 00:35:52 by "mach5one" with MS VC++ 15.9 (VS2017)

END.
